<?xml version="1.0" encoding="UTF-8"?>
<!-- Generated by org.testng.reporters.JUnitReportReporter -->
<testsuite hostname="LAPTOP-UJL0HGV0" failures="0" tests="5" name="com.portal.cms.TestClass" time="15.363" errors="0" timestamp="2022-09-30T19:02:12 EDT" skipped="0">
  <testcase classname="com.portal.cms.TestClass" name="logoValidationOfDOR" time="3.096"/>
  <system-out/>
  <testcase classname="com.portal.cms.TestClass" name="clickingSearchButtonTest" time="3.136"/>
  <system-out/>
  <testcase classname="com.portal.cms.TestClass" name="clickingSearchEditTest" time="4.749"/>
  <system-out/>
  <testcase classname="com.portal.cms.TestClass" name="clickingSearchTaxes" time="3.732"/>
  <system-out/>
  <testcase classname="com.portal.cms.TestClass" name="clickingSearchForms" time="0.650"/>
  <system-out/>
</testsuite> <!-- com.portal.cms.TestClass -->
